生成启动时间为 2013/12/6 14:55:01。
     1>项目“E:\地信GIS\数据结构作业文件夹\23120204 伍丝琪\最短路径—邻接矩阵\最短路径—邻接矩阵\最短路径—邻接矩阵.vcxproj”在节点 2 上(build 个目标)。
     1>InitializeBuildStatus:
         正在创建“Debug\最短路径—邻接矩阵.unsuccessfulbuild”，因为已指定“AlwaysCreate”。
       ClCompile:
         所有输出均为最新。
         C:\Program Files\Microsoft Visual Studio 10.0\VC\bin\CL.exe /c /ZI /nologo /W3 /WX- /Od /Oy- /D WIN32 /D _DEBUG /D _CONSOLE /D _UNICODE /D UNICODE /Gm /EHsc /RTC1 /MDd /GS /fp:precise /Zc:wchar_t /Zc:forScope /Yu"StdAfx.h" /Fp"Debug\最短路径—邻接矩阵.pch" /Fo"Debug\\" /Fd"Debug\vc100.pdb" /Gd /TP /analyze- /errorReport:prompt "最短路径—邻接矩阵.cpp"
         最短路径—邻接矩阵.cpp
     1>e:\地信gis\数据结构作业文件夹\23120204 伍丝琪\最短路径—邻接矩阵\最短路径—邻接矩阵\最短路径—邻接矩阵.cpp(8): warning C4005: “INFINITE”: 宏重定义
                 c:\program files\microsoft sdks\windows\v7.0a\include\winbase.h(1091) : 参见“INFINITE”的前一个定义
     1>e:\地信gis\数据结构作业文件夹\23120204 伍丝琪\最短路径—邻接矩阵\最短路径—邻接矩阵\最短路径—邻接矩阵.cpp(44): warning C4996: 'scanf': This function or variable may be unsafe. Consider using scanf_s instead. To disable deprecation, use _CRT_SECURE_NO_WARNINGS. See online help for details.
                 c:\program files\microsoft visual studio 10.0\vc\include\stdio.h(304) : 参见“scanf”的声明
     1>e:\地信gis\数据结构作业文件夹\23120204 伍丝琪\最短路径—邻接矩阵\最短路径—邻接矩阵\最短路径—邻接矩阵.cpp(53): warning C4996: 'scanf': This function or variable may be unsafe. Consider using scanf_s instead. To disable deprecation, use _CRT_SECURE_NO_WARNINGS. See online help for details.
                 c:\program files\microsoft visual studio 10.0\vc\include\stdio.h(304) : 参见“scanf”的声明
     1>e:\地信gis\数据结构作业文件夹\23120204 伍丝琪\最短路径—邻接矩阵\最短路径—邻接矩阵\最短路径—邻接矩阵.cpp(30): warning C4101: “y”: 未引用的局部变量
     1>e:\地信gis\数据结构作业文件夹\23120204 伍丝琪\最短路径—邻接矩阵\最短路径—邻接矩阵\最短路径—邻接矩阵.cpp(30): warning C4101: “x”: 未引用的局部变量
     1>e:\地信gis\数据结构作业文件夹\23120204 伍丝琪\最短路径—邻接矩阵\最短路径—邻接矩阵\最短路径—邻接矩阵.cpp(130): warning C4996: 'scanf': This function or variable may be unsafe. Consider using scanf_s instead. To disable deprecation, use _CRT_SECURE_NO_WARNINGS. See online help for details.
                 c:\program files\microsoft visual studio 10.0\vc\include\stdio.h(304) : 参见“scanf”的声明
     1>e:\地信gis\数据结构作业文件夹\23120204 伍丝琪\最短路径—邻接矩阵\最短路径—邻接矩阵\最短路径—邻接矩阵.cpp(134): warning C4996: 'scanf': This function or variable may be unsafe. Consider using scanf_s instead. To disable deprecation, use _CRT_SECURE_NO_WARNINGS. See online help for details.
                 c:\program files\microsoft visual studio 10.0\vc\include\stdio.h(304) : 参见“scanf”的声明
       ManifestResourceCompile:
         所有输出均为最新。
       Link:
         C:\Program Files\Microsoft Visual Studio 10.0\VC\bin\link.exe /ERRORREPORT:PROMPT /OUT:"E:\地信GIS\数据结构作业文件夹\23120204 伍丝琪\最短路径—邻接矩阵\Debug\最短路径—邻接矩阵.exe" /INCREMENTAL /NOLOGO kernel32.lib user32.lib gdi32.lib winspool.lib comdlg32.lib advapi32.lib shell32.lib ole32.lib oleaut32.lib uuid.lib odbc32.lib odbccp32.lib /MANIFEST /ManifestFile:"Debug\最短路径—邻接矩阵.exe.intermediate.manifest" /MANIFESTUAC:"level='asInvoker' uiAccess='false'" /DEBUG /PDB:"E:\地信GIS\数据结构作业文件夹\23120204 伍丝琪\最短路径—邻接矩阵\Debug\最短路径—邻接矩阵.pdb" /SUBSYSTEM:CONSOLE /TLBID:1 /DYNAMICBASE /NXCOMPAT /IMPLIB:"E:\地信GIS\数据结构作业文件夹\23120204 伍丝琪\最短路径—邻接矩阵\Debug\最短路径—邻接矩阵.lib" /MACHINE:X86 "Debug\最短路径—邻接矩阵.exe.embed.manifest.res"
         Debug\stdafx.obj
         "Debug\最短路径—邻接矩阵.obj"
       Manifest:
         C:\Program Files\Microsoft SDKs\Windows\v7.0A\bin\mt.exe /nologo /verbose /out:"Debug\最短路径—邻接矩阵.exe.embed.manifest" /manifest "Debug\最短路径—邻接矩阵.exe.intermediate.manifest"
         所有输出均为最新。
       LinkEmbedManifest:
         所有输出均为最新。
         最短路径—邻接矩阵.vcxproj -> E:\地信GIS\数据结构作业文件夹\23120204 伍丝琪\最短路径—邻接矩阵\Debug\最短路径—邻接矩阵.exe
       FinalizeBuildStatus:
         正在删除文件“Debug\最短路径—邻接矩阵.unsuccessfulbuild”。
         正在对“Debug\最短路径—邻接矩阵.lastbuildstate”执行 Touch 任务。
     1>已完成生成项目“E:\地信GIS\数据结构作业文件夹\23120204 伍丝琪\最短路径—邻接矩阵\最短路径—邻接矩阵\最短路径—邻接矩阵.vcxproj”(build 个目标)的操作。

生成成功。

已用时间 00:00:04.68
