生成启动时间为 2013/12/24 12:06:14。
     1>项目“E:\地信GIS\数据结构作业文件夹\23120204 伍丝琪\改进快速排序\改进快速排序\改进快速排序.vcxproj”在节点 2 上(build 个目标)。
     1>InitializeBuildStatus:
         正在创建“Debug\改进快速排序.unsuccessfulbuild”，因为已指定“AlwaysCreate”。
       ClCompile:
         所有输出均为最新。
         C:\Program Files\Microsoft Visual Studio 10.0\VC\bin\CL.exe /c /ZI /nologo /W3 /WX- /Od /Oy- /D WIN32 /D _DEBUG /D _CONSOLE /D _UNICODE /D UNICODE /Gm /EHsc /RTC1 /MDd /GS /fp:precise /Zc:wchar_t /Zc:forScope /Yu"StdAfx.h" /Fp"Debug\改进快速排序.pch" /Fo"Debug\\" /Fd"Debug\vc100.pdb" /Gd /TP /analyze- /errorReport:prompt "改进快速排序.cpp"
         改进快速排序.cpp
     1>e:\地信gis\数据结构作业文件夹\23120204 伍丝琪\改进快速排序\改进快速排序\改进快速排序.cpp(5): warning C4067: 预处理器指令后有意外标记 - 应输入换行符
     1>e:\地信gis\数据结构作业文件夹\23120204 伍丝琪\改进快速排序\改进快速排序\改进快速排序.cpp(100): warning C4996: 'scanf': This function or variable may be unsafe. Consider using scanf_s instead. To disable deprecation, use _CRT_SECURE_NO_WARNINGS. See online help for details.
                 c:\program files\microsoft visual studio 10.0\vc\include\stdio.h(304) : 参见“scanf”的声明
     1>e:\地信gis\数据结构作业文件夹\23120204 伍丝琪\改进快速排序\改进快速排序\改进快速排序.cpp(106): warning C4996: 'scanf': This function or variable may be unsafe. Consider using scanf_s instead. To disable deprecation, use _CRT_SECURE_NO_WARNINGS. See online help for details.
                 c:\program files\microsoft visual studio 10.0\vc\include\stdio.h(304) : 参见“scanf”的声明
     1>e:\地信gis\数据结构作业文件夹\23120204 伍丝琪\改进快速排序\改进快速排序\改进快速排序.cpp(113): warning C4996: 'getch': The POSIX name for this item is deprecated. Instead, use the ISO C++ conformant name: _getch. See online help for details.
                 c:\program files\microsoft visual studio 10.0\vc\include\conio.h(128) : 参见“getch”的声明
     1>e:\地信gis\数据结构作业文件夹\23120204 伍丝琪\改进快速排序\改进快速排序\改进快速排序.cpp(102): warning C4101: “r”: 未引用的局部变量
       ManifestResourceCompile:
         所有输出均为最新。
       Link:
         C:\Program Files\Microsoft Visual Studio 10.0\VC\bin\link.exe /ERRORREPORT:PROMPT /OUT:"E:\地信GIS\数据结构作业文件夹\23120204 伍丝琪\改进快速排序\Debug\改进快速排序.exe" /INCREMENTAL /NOLOGO kernel32.lib user32.lib gdi32.lib winspool.lib comdlg32.lib advapi32.lib shell32.lib ole32.lib oleaut32.lib uuid.lib odbc32.lib odbccp32.lib /MANIFEST /ManifestFile:"Debug\改进快速排序.exe.intermediate.manifest" /MANIFESTUAC:"level='asInvoker' uiAccess='false'" /DEBUG /PDB:"E:\地信GIS\数据结构作业文件夹\23120204 伍丝琪\改进快速排序\Debug\改进快速排序.pdb" /SUBSYSTEM:CONSOLE /TLBID:1 /DYNAMICBASE /NXCOMPAT /IMPLIB:"E:\地信GIS\数据结构作业文件夹\23120204 伍丝琪\改进快速排序\Debug\改进快速排序.lib" /MACHINE:X86 "Debug\改进快速排序.exe.embed.manifest.res"
         Debug\stdafx.obj
         "Debug\改进快速排序.obj"
       Manifest:
         C:\Program Files\Microsoft SDKs\Windows\v7.0A\bin\mt.exe /nologo /verbose /out:"Debug\改进快速排序.exe.embed.manifest" /manifest "Debug\改进快速排序.exe.intermediate.manifest"
         所有输出均为最新。
       LinkEmbedManifest:
         所有输出均为最新。
         改进快速排序.vcxproj -> E:\地信GIS\数据结构作业文件夹\23120204 伍丝琪\改进快速排序\Debug\改进快速排序.exe
       FinalizeBuildStatus:
         正在删除文件“Debug\改进快速排序.unsuccessfulbuild”。
         正在对“Debug\改进快速排序.lastbuildstate”执行 Touch 任务。
     1>已完成生成项目“E:\地信GIS\数据结构作业文件夹\23120204 伍丝琪\改进快速排序\改进快速排序\改进快速排序.vcxproj”(build 个目标)的操作。

生成成功。

已用时间 00:00:01.48
